<?xml version="1.0" encoding="UTF-8"?>
<Site BuildName="(empty)"
	BuildStamp="20260224-1547-Experimental"
	Name="Ubuntu"
	Generator="ctest-3.22.1"
	CompilerName="/usr/bin/c++"
	CompilerVersion="11.4.0"
	OSName="Linux"
	Hostname="Ubuntu"
	OSRelease="6.8.0-101-generic"
	OSVersion="#101~22.04.1-Ubuntu SMP PREEMPT_DYNAMIC Wed Feb 11 13:19:54 UTC "
	OSPlatform="x86_64"
	Is64Bits="1"
	VendorString="GenuineIntel"
	VendorID="Intel Corporation"
	FamilyID="6"
	ModelID="183"
	ProcessorCacheSize="30720"
	NumberOfLogicalCPU="4"
	NumberOfPhysicalCPU="4"
	TotalVirtualMemory="2047"
	TotalPhysicalMemory="11961"
	LogicalProcessorsPerPhysical="1"
	ProcessorClockFrequency="3417.6"
	>
	<Testing>
		<StartDateTime>Feb 24 18:47 MSK</StartDateTime>
		<StartTestTime>1771948035</StartTestTime>
		<TestList/>
		<EndDateTime>Feb 24 18:47 MSK</EndDateTime>
		<EndTestTime>1771948035</EndTestTime>
		<ElapsedMinutes>0</ElapsedMinutes>
	</Testing>
</Site>
